<?xml version="1.0" encoding="UTF-8"?>
<!-- Generated by org.testng.reporters.JUnitReportReporter -->
<testsuite hostname="LAPTOP-35MR1O66" failures="0" tests="1" name="SelenniumFramework.SeleniumFrameworkDesign.FirstTest" time="9.516" errors="0" timestamp="2023-04-18T10:25:04 EDT" skipped="0">
  <testcase classname="SelenniumFramework.SeleniumFrameworkDesign.FirstTest" name="shouldAnswerWithTrue" time="9.516"/>
  <system-out/>
</testsuite> <!-- SelenniumFramework.SeleniumFrameworkDesign.FirstTest -->
