<?xml version="1.0" encoding="UTF-8"?>
<!-- Generated by org.testng.reporters.JUnitReportReporter -->
<testsuite hostname="LAPTOP-35MR1O66" failures="0" tests="1" name="UdemyCourse.LinkCount" time="9.702" errors="0" timestamp="2023-03-01T18:04:43 EST" skipped="0">
  <testcase classname="UdemyCourse.LinkCount" name="findLink" time="9.702"/>
  <system-out/>
</testsuite> <!-- UdemyCourse.LinkCount -->
