<?xml version="1.0" encoding="UTF-8"?>
<!-- Generated by org.testng.reporters.JUnitReportReporter -->
<testsuite hostname="LAPTOP-35MR1O66" failures="0" tests="1" name="UdemyCourse.TableValidation" time="10.534" errors="0" timestamp="2023-03-06T10:31:38 EST" skipped="0">
  <testcase classname="UdemyCourse.TableValidation" name="tableDemo" time="10.534"/>
  <system-out/>
</testsuite> <!-- UdemyCourse.TableValidation -->
