<?xml version="1.0" encoding="UTF-8"?>
<!-- Generated by org.testng.reporters.JUnitReportReporter -->
<testsuite hostname="LAPTOP-35MR1O66" failures="0" tests="1" name="stream.CompareTwoList" time="3.859" errors="0" timestamp="2023-03-13T11:48:11 EDT" skipped="0">
  <testcase classname="stream.CompareTwoList" name="compareTwoList" time="3.859"/>
  <system-out/>
</testsuite> <!-- stream.CompareTwoList -->
