<?xml version="1.0" encoding="UTF-8"?>
<!-- Generated by org.testng.reporters.JUnitReportReporter -->
<testsuite hostname="LAPTOP-35MR1O66" failures="0" tests="1" name="TestPackage.BasicsOFTestNG2" time="0.002" errors="0" timestamp="2023-03-17T11:41:23 EDT" skipped="0">
  <testcase classname="TestPackage.BasicsOFTestNG2" name="good" time="0.002"/>
  <system-out/>
</testsuite> <!-- TestPackage.BasicsOFTestNG2 -->
