<?xml version="1.0" encoding="UTF-8"?>
<!-- Generated by org.testng.reporters.JUnitReportReporter -->
<testsuite hostname="LAPTOP-35MR1O66" failures="0" tests="2" name="TestPackage.BasicsOfTestNG" time="0.010" errors="0" timestamp="2023-03-17T11:41:23 EDT" skipped="0">
  <testcase classname="TestPackage.BasicsOfTestNG" name="hello" time="0.009"/>
  <system-out/>
  <testcase classname="TestPackage.BasicsOfTestNG" name="hi" time="0.001"/>
  <system-out/>
</testsuite> <!-- TestPackage.BasicsOfTestNG -->
