<?xml version="1.0" encoding="UTF-8"?>
<!-- Generated by org.testng.reporters.JUnitReportReporter -->
<testsuite hostname="LAPTOP-35MR1O66" failures="0" tests="1" name="SelenniumFramework.PageObjectModel.SubmitOrderTest" time="5.450" errors="0" timestamp="2023-04-01T23:02:02 EDT" skipped="0">
  <testcase classname="SelenniumFramework.PageObjectModel.SubmitOrderTest" name="orderHistoryTest" time="5.450"/>
  <system-out/>
</testsuite> <!-- SelenniumFramework.PageObjectModel.SubmitOrderTest -->
