<?xml version="1.0" encoding="UTF-8"?>
<!-- Generated by org.testng.reporters.JUnitReportReporter -->
<testsuite hostname="LAPTOP-35MR1O66" failures="0" tests="1" name="SelenniumFramework.PageObjectModel.StandAlonewithExtentReport" time="7.492" errors="0" timestamp="2023-03-31T17:40:55 EDT" skipped="0">
  <testcase classname="SelenniumFramework.PageObjectModel.StandAlonewithExtentReport" name="initialDemo" time="7.492"/>
  <system-out/>
</testsuite> <!-- SelenniumFramework.PageObjectModel.StandAlonewithExtentReport -->
